<?xml version="1.0" encoding="UTF-8"?>
<!-- Generated by org.testng.reporters.JUnitReportReporter -->
<testsuite skipped="0" hostname="DESKTOP-CBA7UQ0" name="testNg.Annotations" tests="2" failures="0" timestamp="2020-12-05T21:58:30 IST" time="0.021" errors="0">
  <testcase name="TC1" time="0.018" classname="testNg.Annotations"/>
  <system-out/>
  <testcase name="TC2" time="0.003" classname="testNg.Annotations"/>
  <system-out/>
</testsuite> <!-- testNg.Annotations -->
