<?xml version="1.0" encoding="UTF-8"?>
<!-- Generated by org.testng.reporters.JUnitReportReporter -->
<testsuite skipped="0" hostname="DESKTOP-CBA7UQ0" name="POM_DDF_TestNg_BaseClass_Utility.KiteLoginTest" tests="1" failures="0" timestamp="2020-12-08T17:19:21 IST" time="4.114" errors="0">
  <testcase name="verifyPN" time="4.114" classname="POM_DDF_TestNg_BaseClass_Utility.KiteLoginTest"/>
  <system-out/>
</testsuite> <!-- POM_DDF_TestNg_BaseClass_Utility.KiteLoginTest -->
