<?xml version="1.0" encoding="UTF-8"?>
<!-- Generated by org.testng.reporters.JUnitReportReporter -->
<testsuite skipped="0" hostname="DESKTOP-CBA7UQ0" name="POM_DDF_TestNG.KiteLoginTest" tests="1" failures="0" timestamp="2020-12-07T23:08:59 IST" time="5.919" errors="0">
  <testcase name="verifyPN" time="5.919" classname="POM_DDF_TestNG.KiteLoginTest"/>
  <system-out/>
</testsuite> <!-- POM_DDF_TestNG.KiteLoginTest -->
